# JRE version: Java(TM) SE Runtime Environment (8.0_261-b12) (build 1.8.0_261-b12)
# Java VM: Java HotSpot(TM) 64-Bit Server VM (25.261-b12 mixed mode windows-amd64 compressed oops)
Heap:
 PSYoungGen      total 62464K, used 23450K [0x00000000d5d00000, 0x00000000daa80000, 0x0000000100000000)
  eden space 48640K, 23% used [0x00000000d5d00000,0x00000000d67f9408,0x00000000d8c80000)
  from space 13824K, 88% used [0x00000000d9d00000,0x00000000da8ed638,0x00000000daa80000)
  to   space 15360K, 0% used [0x00000000d8c80000,0x00000000d8c80000,0x00000000d9b80000)
 ParOldGen       total 52736K, used 28284K [0x0000000081600000, 0x0000000084980000, 0x00000000d5d00000)
  object space 52736K, 53% used [0x0000000081600000,0x000000008319f358,0x0000000084980000)
 Metaspace       used 16189K, capacity 16454K, committed 16768K, reserved 1064960K
  class space    used 1982K, capacity 2077K, committed 2176K, reserved 1048576K
GC Heap History (10 events):
Event: 104.443 GC heap before
{Heap before GC invocations=86 (full 4):
 PSYoungGen      total 69120K, used 68689K [0x00000000d5d00000, 0x00000000db380000, 0x0000000100000000)
  eden space 55808K, 99% used [0x00000000d5d00000,0x00000000d934ddc8,0x00000000d9380000)
  from space 13312K, 98% used [0x00000000d9500000,0x00000000da1c6648,0x00000000da200000)
  to   space 16384K, 0% used [0x00000000da380000,0x00000000da380000,0x00000000db380000)
 ParOldGen       total 52736K, used 28204K [0x0000000081600000, 0x0000000084980000, 0x00000000d5d00000)
  object space 52736K, 53% used [0x0000000081600000,0x000000008318b358,0x0000000084980000)
 Metaspace       used 16121K, capacity 16390K, committed 16768K, reserved 1064960K
  class space    used 1976K, capacity 2077K, committed 2176K, reserved 1048576K
Event: 104.447 GC heap after
Heap after GC invocations=86 (full 4):
 PSYoungGen      total 69120K, used 13081K [0x00000000d5d00000, 0x00000000db200000, 0x0000000100000000)
  eden space 54272K, 0% used [0x00000000d5d00000,0x00000000d5d00000,0x00000000d9200000)
  from space 14848K, 88% used [0x00000000da380000,0x00000000db046648,0x00000000db200000)
  to   space 16384K, 0% used [0x00000000d9200000,0x00000000d9200000,0x00000000da200000)
 ParOldGen       total 52736K, used 28220K [0x0000000081600000, 0x0000000084980000, 0x00000000d5d00000)
  object space 52736K, 53% used [0x0000000081600000,0x000000008318f358,0x0000000084980000)
 Metaspace       used 16121K, capacity 16390K, committed 16768K, reserved 1064960K
  class space    used 1976K, capacity 2077K, committed 2176K, reserved 1048576K
}
Event: 105.485 GC heap before
{Heap before GC invocations=87 (full 4):
 PSYoungGen      total 69120K, used 64610K [0x00000000d5d00000, 0x00000000db200000, 0x0000000100000000)
  eden space 54272K, 94% used [0x00000000d5d00000,0x00000000d8f52380,0x00000000d9200000)
  from space 14848K, 88% used [0x00000000da380000,0x00000000db046648,0x00000000db200000)
  to   space 16384K, 0% used [0x00000000d9200000,0x00000000d9200000,0x00000000da200000)
 ParOldGen       total 52736K, used 28220K [0x0000000081600000, 0x0000000084980000, 0x00000000d5d00000)
  object space 52736K, 53% used [0x0000000081600000,0x000000008318f358,0x0000000084980000)
 Metaspace       used 16121K, capacity 16390K, committed 16768K, reserved 1064960K
  class space    used 1976K, capacity 2077K, committed 2176K, reserved 1048576K
Event: 105.490 GC heap after
Heap after GC invocations=87 (full 4):
 PSYoungGen      total 65024K, used 12181K [0x00000000d5d00000, 0x00000000daf80000, 0x0000000100000000)
  eden space 52736K, 0% used [0x00000000d5d00000,0x00000000d5d00000,0x00000000d9080000)
  from space 12288K, 99% used [0x00000000d9200000,0x00000000d9de5638,0x00000000d9e00000)
  to   space 15872K, 0% used [0x00000000da000000,0x00000000da000000,0x00000000daf80000)
 ParOldGen       total 52736K, used 28220K [0x0000000081600000, 0x0000000084980000, 0x00000000d5d00000)
  object space 52736K, 53% used [0x0000000081600000,0x000000008318f358,0x0000000084980000)
 Metaspace       used 16121K, capacity 16390K, committed 16768K, reserved 1064960K
  class space    used 1976K, capacity 2077K, committed 2176K, reserved 1048576K
}
Event: 106.539 GC heap before
{Heap before GC invocations=88 (full 4):
 PSYoungGen      total 65024K, used 63674K [0x00000000d5d00000, 0x00000000daf80000, 0x0000000100000000)
  eden space 52736K, 97% used [0x00000000d5d00000,0x00000000d8f49438,0x00000000d9080000)
  from space 12288K, 99% used [0x00000000d9200000,0x00000000d9de5638,0x00000000d9e00000)
  to   space 15872K, 0% used [0x00000000da000000,0x00000000da000000,0x00000000daf80000)
 ParOldGen       total 52736K, used 28220K [0x0000000081600000, 0x0000000084980000, 0x00000000d5d00000)
  object space 52736K, 53% used [0x0000000081600000,0x000000008318f358,0x0000000084980000)
 Metaspace       used 16124K, capacity 16390K, committed 16768K, reserved 1064960K
  class space    used 1976K, capacity 2077K, committed 2176K, reserved 1048576K
Event: 106.543 GC heap after
Heap after GC invocations=88 (full 4):
 PSYoungGen      total 65536K, used 12181K [0x00000000d5d00000, 0x00000000dae00000, 0x0000000100000000)
  eden space 51200K, 0% used [0x00000000d5d00000,0x00000000d5d00000,0x00000000d8f00000)
  from space 14336K, 84% used [0x00000000da000000,0x00000000dabe5638,0x00000000dae00000)
  to   space 15872K, 0% used [0x00000000d8f00000,0x00000000d8f00000,0x00000000d9e80000)
 ParOldGen       total 52736K, used 28244K [0x0000000081600000, 0x0000000084980000, 0x00000000d5d00000)
  object space 52736K, 53% used [0x0000000081600000,0x0000000083195358,0x0000000084980000)
 Metaspace       used 16124K, capacity 16390K, committed 16768K, reserved 1064960K
  class space    used 1976K, capacity 2077K, committed 2176K, reserved 1048576K
}
Event: 107.501 GC heap before
{Heap before GC invocations=89 (full 4):
 PSYoungGen      total 65536K, used 61870K [0x00000000d5d00000, 0x00000000dae00000, 0x0000000100000000)
  eden space 51200K, 97% used [0x00000000d5d00000,0x00000000d8d86370,0x00000000d8f00000)
  from space 14336K, 84% used [0x00000000da000000,0x00000000dabe5638,0x00000000dae00000)
  to   space 15872K, 0% used [0x00000000d8f00000,0x00000000d8f00000,0x00000000d9e80000)
 ParOldGen       total 52736K, used 28244K [0x0000000081600000, 0x0000000084980000, 0x00000000d5d00000)
  object space 52736K, 53% used [0x0000000081600000,0x0000000083195358,0x0000000084980000)
 Metaspace       used 16136K, capacity 16390K, committed 16768K, reserved 1064960K
  class space    used 1976K, capacity 2077K, committed 2176K, reserved 1048576K
Event: 107.505 GC heap after
Heap after GC invocations=89 (full 4):
 PSYoungGen      total 61952K, used 12213K [0x00000000d5d00000, 0x00000000dac80000, 0x0000000100000000)
  eden space 49664K, 0% used [0x00000000d5d00000,0x00000000d5d00000,0x00000000d8d80000)
  from space 12288K, 99% used [0x00000000d8f00000,0x00000000d9aed638,0x00000000d9b00000)
  to   space 15872K, 0% used [0x00000000d9d00000,0x00000000d9d00000,0x00000000dac80000)
 ParOldGen       total 52736K, used 28268K [0x0000000081600000, 0x0000000084980000, 0x00000000d5d00000)
  object space 52736K, 53% used [0x0000000081600000,0x000000008319b358,0x0000000084980000)
 Metaspace       used 16136K, capacity 16390K, committed 16768K, reserved 1064960K
  class space    used 1976K, capacity 2077K, committed 2176K, reserved 1048576K
}
Event: 108.345 GC heap before
{Heap before GC invocations=90 (full 4):
 PSYoungGen      total 61952K, used 59101K [0x00000000d5d00000, 0x00000000dac80000, 0x0000000100000000)
  eden space 49664K, 94% used [0x00000000d5d00000,0x00000000d8aca028,0x00000000d8d80000)
  from space 12288K, 99% used [0x00000000d8f00000,0x00000000d9aed638,0x00000000d9b00000)
  to   space 15872K, 0% used [0x00000000d9d00000,0x00000000d9d00000,0x00000000dac80000)
 ParOldGen       total 52736K, used 28268K [0x0000000081600000, 0x0000000084980000, 0x00000000d5d00000)
  object space 52736K, 53% used [0x0000000081600000,0x000000008319b358,0x0000000084980000)
 Metaspace       used 16142K, capacity 16390K, committed 16768K, reserved 1064960K
  class space    used 1976K, capacity 2077K, committed 2176K, reserved 1048576K
Event: 108.349 GC heap after
Heap after GC invocations=90 (full 4):
 PSYoungGen      total 62464K, used 12213K [0x00000000d5d00000, 0x00000000daa80000, 0x0000000100000000)
  eden space 48640K, 0% used [0x00000000d5d00000,0x00000000d5d00000,0x00000000d8c80000)
  from space 13824K, 88% used [0x00000000d9d00000,0x00000000da8ed638,0x00000000daa80000)
  to   space 15360K, 0% used [0x00000000d8c80000,0x00000000d8c80000,0x00000000d9b80000)
 ParOldGen       total 52736K, used 28284K [0x0000000081600000, 0x0000000084980000, 0x00000000d5d00000)
  object space 52736K, 53% used [0x0000000081600000,0x000000008319f358,0x0000000084980000)
 Metaspace       used 16142K, capacity 16390K, committed 16768K, reserved 1064960K
  class space    used 1976K, capacity 2077K, committed 2176K, reserved 1048576K
}

